<?xml version="1.0" encoding="UTF-8"?>
<testsuite name="BullsCowsTest" tests="1" skipped="0" failures="0" errors="0" timestamp="2023-05-31T17:18:57" hostname="macbook-C02DG4V0MD6R" time="0.126">
  <properties/>
  <testcase name="start" classname="BullsCowsTest" time="0.126"/>
  <system-out><![CDATA[?[1;31m
Start test 1?[0m
The secret code is prepared: ****

Turn 1. Answer:
1234
Grade: 1 cow.

Turn 2. Answer:
5678
Grade: 1 cow.

Turn 3. Answer:
9012
Grade: 1 cow.

Turn 4. Answer:
9087
Grade: 1 cow.

Turn 5. Answer:
1087
Grade: 1 cow.

Turn 6. Answer:
9205
Grade: 1 cow.

Turn 7. Answer:
9305
Grade: 4 bulls.
Congrats! The secret code is 9305.
]]></system-out>
  <system-err><![CDATA[]]></system-err>
</testsuite>
